   1               		.file	"USBTask.c"
   2               	__SREG__ = 0x3f
   3               	__SP_H__ = 0x3e
   4               	__SP_L__ = 0x3d
   5               	__CCP__  = 0x34
   6               	__tmp_reg__ = 0
   7               	__zero_reg__ = 1
  15               	.Ltext0:
  16               		.section	.text.USB_USBTask,"ax",@progbits
  17               	.global	USB_USBTask
  19               	USB_USBTask:
  20               	.LFB86:
  21               	.LSM0:
  22 0000 1F93      		push r17
  23               	/* prologue: function */
  24               	/* frame size = 0 */
  25               	.LBB26:
  26               	.LBB27:
  27               	.LSM1:
  28 0002 8091 0000 		lds r24,USB_DeviceState
  29 0006 8823      		tst r24
  30 0008 01F0      		breq .L6
  31               	.LBB28:
  32               	.LBB29:
  33               	.LSM2:
  34 000a 1091 E900 		lds r17,233
  35               	.LBB30:
  36               	.LBB31:
  37               	.LSM3:
  38 000e 8091 EC00 		lds r24,236
  39               	.LBE31:
  40               	.LBE30:
  41               	.LBE29:
  42               	.LBE28:
  43               	.LBB32:
  44               	.LBB33:
  45               	.LSM4:
  46 0012 1092 E900 		sts 233,__zero_reg__
  47               	.LBE33:
  48               	.LBE32:
  49               	.LBB34:
  50               	.LBB35:
  51               	.LSM5:
  52 0016 8091 E800 		lds r24,232
  53               	.LBE35:
  54               	.LBE34:
  55               	.LSM6:
  56 001a 83FF      		sbrs r24,3
  57 001c 00C0      		rjmp .L5
  58               	.LSM7:
  59 001e 0E94 0000 		call USB_Device_ProcessControlRequest
  60               	.L5:
  61               	.LBB36:
  62               	.LBB37:
  63               	.LSM8:
  64 0022 1F70      		andi r17,lo8(15)
  65 0024 1093 E900 		sts 233,r17
  66               	.L6:
  67               	/* epilogue start */
  68               	.LBE37:
  69               	.LBE36:
  70               	.LBE27:
  71               	.LBE26:
  72               	.LSM9:
  73 0028 1F91      		pop r17
  74 002a 0895      		ret
  75               	.LFE86:
  77               		.comm USB_IsInitialized,1,1
  78               		.comm USB_ControlRequest,8,1
  79               		.comm USB_DeviceState,1,1
 104               	.Letext0:
DEFINED SYMBOLS
                            *ABS*:00000000 USBTask.c
C:\cygwin64\tmp/cca0pKo3.s:2      *ABS*:0000003f __SREG__
C:\cygwin64\tmp/cca0pKo3.s:3      *ABS*:0000003e __SP_H__
C:\cygwin64\tmp/cca0pKo3.s:4      *ABS*:0000003d __SP_L__
C:\cygwin64\tmp/cca0pKo3.s:5      *ABS*:00000034 __CCP__
C:\cygwin64\tmp/cca0pKo3.s:6      *ABS*:00000000 __tmp_reg__
C:\cygwin64\tmp/cca0pKo3.s:7      *ABS*:00000001 __zero_reg__
C:\cygwin64\tmp/cca0pKo3.s:19     .text.USB_USBTask:00000000 USB_USBTask
                            *COM*:00000001 USB_DeviceState
                            *COM*:00000001 USB_IsInitialized
                            *COM*:00000008 USB_ControlRequest

UNDEFINED SYMBOLS
USB_Device_ProcessControlRequest
__do_clear_bss
