   1               		.file	"matrix.c"
   2               	__SREG__ = 0x3f
   3               	__SP_H__ = 0x3e
   4               	__SP_L__ = 0x3d
   5               	__CCP__  = 0x34
   6               	__tmp_reg__ = 0
   7               	__zero_reg__ = 1
  15               	.Ltext0:
  16               		.section	.text.matrix_rows,"ax",@progbits
  17               	.global	matrix_rows
  19               	matrix_rows:
  20               	.LFB6:
  21               	.LSM0:
  22               	/* prologue: function */
  23               	/* frame size = 0 */
  24               	.LSM1:
  25 0000 88E0      		ldi r24,lo8(8)
  26               	/* epilogue start */
  27 0002 0895      		ret
  28               	.LFE6:
  30               		.section	.text.matrix_cols,"ax",@progbits
  31               	.global	matrix_cols
  33               	matrix_cols:
  34               	.LFB7:
  35               	.LSM2:
  36               	/* prologue: function */
  37               	/* frame size = 0 */
  38               	.LSM3:
  39 0000 86E0      		ldi r24,lo8(6)
  40               	/* epilogue start */
  41 0002 0895      		ret
  42               	.LFE7:
  44               		.section	.text.matrix_is_modified,"ax",@progbits
  45               	.global	matrix_is_modified
  47               	matrix_is_modified:
  48               	.LFB12:
  49               	.LSM4:
  50               	/* prologue: function */
  51               	/* frame size = 0 */
  52               	.LSM5:
  53 0000 90E0      		ldi r25,lo8(0)
  54 0002 8091 0000 		lds r24,debouncing
  55 0006 8823      		tst r24
  56 0008 01F4      		brne .L6
  57 000a 91E0      		ldi r25,lo8(1)
  58               	.L6:
  59               	.LSM6:
  60 000c 892F      		mov r24,r25
  61               	/* epilogue start */
  62 000e 0895      		ret
  63               	.LFE12:
  65               		.section	.text.matrix_is_on,"ax",@progbits
  66               	.global	matrix_is_on
  68               	matrix_is_on:
  69               	.LFB13:
  70               	.LSM7:
  71               	.LVL0:
  72               	/* prologue: function */
  73               	/* frame size = 0 */
  74               	.LSM8:
  75 0000 E0E0      		ldi r30,lo8(matrix)
  76 0002 F0E0      		ldi r31,hi8(matrix)
  77 0004 E80F      		add r30,r24
  78 0006 F11D      		adc r31,__zero_reg__
  79 0008 8081      		ld r24,Z
  80               	.LVL1:
  81 000a 90E0      		ldi r25,lo8(0)
  82 000c 00C0      		rjmp 2f
  83 000e 9595      	1:	asr r25
  84 0010 8795      		ror r24
  85 0012 6A95      	2:	dec r22
  86 0014 02F4      		brpl 1b
  87               	.LSM9:
  88 0016 8170      		andi r24,lo8(1)
  89               	/* epilogue start */
  90 0018 0895      		ret
  91               	.LFE13:
  93               		.section	.text.matrix_get_row,"ax",@progbits
  94               	.global	matrix_get_row
  96               	matrix_get_row:
  97               	.LFB14:
  98               	.LSM10:
  99               	.LVL2:
 100               	/* prologue: function */
 101               	/* frame size = 0 */
 102               	.LSM11:
 103 0000 E0E0      		ldi r30,lo8(matrix)
 104 0002 F0E0      		ldi r31,hi8(matrix)
 105 0004 E80F      		add r30,r24
 106 0006 F11D      		adc r31,__zero_reg__
 107               	.LSM12:
 108 0008 8081      		ld r24,Z
 109               	.LVL3:
 110               	/* epilogue start */
 111 000a 0895      		ret
 112               	.LFE14:
 114               		.section	.text.matrix_print,"ax",@progbits
 115               	.global	matrix_print
 117               	matrix_print:
 118               	.LFB15:
 119               	.LSM13:
 120               	/* prologue: function */
 121               	/* frame size = 0 */
 122               	/* epilogue start */
 123               	.LSM14:
 124 0000 0895      		ret
 125               	.LFE15:
 127               		.section	.text.unselect_rows,"ax",@progbits
 129               	unselect_rows:
 130               	.LFB19:
 131               	.LSM15:
 132               	/* prologue: function */
 133               	/* frame size = 0 */
 134               	.LSM16:
 135 0000 80B3      		in r24,48-32
 136 0002 8F73      		andi r24,lo8(63)
 137 0004 80BB      		out 48-32,r24
 138               	.LSM17:
 139 0006 81B3      		in r24,49-32
 140 0008 8F73      		andi r24,lo8(63)
 141 000a 81BB      		out 49-32,r24
 142               	.LSM18:
 143 000c 6E98      		cbi 45-32,6
 144               	.LSM19:
 145 000e 7698      		cbi 46-32,6
 146               	.LSM20:
 147 0010 5798      		cbi 42-32,7
 148               	.LSM21:
 149 0012 5F98      		cbi 43-32,7
 150               	/* epilogue start */
 151               	.LSM22:
 152 0014 0895      		ret
 153               	.LFE19:
 155               		.section	.text._matrix_scan,"ax",@progbits
 156               	.global	_matrix_scan
 158               	_matrix_scan:
 159               	.LFB9:
 160               	.LSM23:
 161 0000 9F92      		push r9
 162 0002 AF92      		push r10
 163 0004 BF92      		push r11
 164 0006 CF92      		push r12
 165 0008 DF92      		push r13
 166 000a EF92      		push r14
 167 000c FF92      		push r15
 168 000e 0F93      		push r16
 169 0010 1F93      		push r17
 170 0012 CF93      		push r28
 171 0014 DF93      		push r29
 172               	/* prologue: function */
 173               	/* frame size = 0 */
 174               	.LSM24:
 175 0016 8091 0000 		lds r24,isLeftHand
 176 001a 8823      		tst r24
 177 001c 01F4      		brne .L17
 178 001e B4E0      		ldi r27,lo8(4)
 179 0020 EB2E      		mov r14,r27
 180 0022 F12C      		mov r15,__zero_reg__
 181               	.LVL4:
 182 0024 00C0      		rjmp .L18
 183               	.LVL5:
 184               	.L17:
 185 0026 EE24      		clr r14
 186 0028 FF24      		clr r15
 187               	.LVL6:
 188               	.L18:
 189 002a 0091 0000 		lds r16,debouncing
 190 002e A0E0      		ldi r26,lo8(matrix_debouncing)
 191 0030 CA2E      		mov r12,r26
 192 0032 A0E0      		ldi r26,hi8(matrix_debouncing)
 193 0034 DA2E      		mov r13,r26
 194 0036 CE0C      		add r12,r14
 195 0038 DF1C      		adc r13,r15
 196 003a E601      		movw r28,r12
 197 003c 10E0      		ldi r17,lo8(0)
 198               	.LVL7:
 199               	.LBB53:
 200               	.LBB54:
 201               	.LBB55:
 202               	.LBB56:
 203               	.LBB57:
 204               	.LBB58:
 205               	.LSM25:
 206 003e F0EA      		ldi r31,lo8(-96)
 207 0040 9F2E      		mov r9,r31
 208               	.LBE58:
 209               	.LBE57:
 210               	.LBE56:
 211               	.LBE55:
 212               	.LBB62:
 213               	.LBB63:
 214               	.LSM26:
 215 0042 E1E0      		ldi r30,lo8(1)
 216 0044 AE2E      		mov r10,r30
 217 0046 B12C      		mov r11,__zero_reg__
 218               	.L35:
 219               	.LBE63:
 220               	.LBE62:
 221               	.LBB65:
 222               	.LBB66:
 223               	.LSM27:
 224 0048 1130      		cpi r17,lo8(1)
 225 004a 01F0      		breq .L21
 226 004c 1130      		cpi r17,lo8(1)
 227 004e 00F0      		brlo .L20
 228 0050 1230      		cpi r17,lo8(2)
 229 0052 01F0      		breq .L22
 230 0054 1330      		cpi r17,lo8(3)
 231 0056 01F4      		brne .L19
 232 0058 00C0      		rjmp .L42
 233               	.L20:
 234               	.LSM28:
 235 005a 579A      		sbi 42-32,7
 236               	.LSM29:
 237 005c 5F98      		cbi 43-32,7
 238 005e 00C0      		rjmp .L19
 239               	.L21:
 240               	.LSM30:
 241 0060 6E9A      		sbi 45-32,6
 242               	.LSM31:
 243 0062 7698      		cbi 46-32,6
 244 0064 00C0      		rjmp .L19
 245               	.L22:
 246               	.LSM32:
 247 0066 869A      		sbi 48-32,6
 248               	.LSM33:
 249 0068 8E98      		cbi 49-32,6
 250 006a 00C0      		rjmp .L19
 251               	.L42:
 252               	.LSM34:
 253 006c 879A      		sbi 48-32,7
 254               	.LSM35:
 255 006e 8F98      		cbi 49-32,7
 256               	.L19:
 257               	.LBE66:
 258               	.LBE65:
 259               	.LBB67:
 260               	.LBB61:
 261               	.LBB60:
 262               	.LBB59:
 263               	.LSM36:
 264 0070 892D      		mov r24,r9
 265               	.LVL8:
 266               	/* #APP */
 267               	 ;  83 "d:/programs/winavr/lib/gcc/../../avr/include/util/delay_basic.h" 1
 268 0072 8A95      		1: dec r24
 269 0074 01F4      		brne 1b
 270               	 ;  0 "" 2
 271               	/* #NOAPP */
 272               	.LBE59:
 273               	.LBE60:
 274               	.LBE61:
 275               	.LBE67:
 276               	.LBB68:
 277               	.LBB64:
 278               	.LSM37:
 279 0076 83B1      		in r24,35-32
 280               	.LVL9:
 281 0078 1D99      		sbic 35-32,5
 282 007a 00C0      		rjmp .L24
 283 007c 62E0      		ldi r22,lo8(2)
 284 007e 00C0      		rjmp .L25
 285               	.L24:
 286 0080 60E0      		ldi r22,lo8(0)
 287               	.L25:
 288 0082 1E99      		sbic 35-32,6
 289 0084 00C0      		rjmp .L26
 290 0086 54E0      		ldi r21,lo8(4)
 291 0088 00C0      		rjmp .L27
 292               	.L26:
 293 008a 50E0      		ldi r21,lo8(0)
 294               	.L27:
 295 008c 1A99      		sbic 35-32,2
 296 008e 00C0      		rjmp .L28
 297 0090 48E0      		ldi r20,lo8(8)
 298 0092 00C0      		rjmp .L29
 299               	.L28:
 300 0094 40E0      		ldi r20,lo8(0)
 301               	.L29:
 302 0096 1B99      		sbic 35-32,3
 303 0098 00C0      		rjmp .L30
 304 009a 30E1      		ldi r19,lo8(16)
 305 009c 00C0      		rjmp .L31
 306               	.L30:
 307 009e 30E0      		ldi r19,lo8(0)
 308               	.L31:
 309 00a0 1999      		sbic 35-32,1
 310 00a2 00C0      		rjmp .L32
 311 00a4 20E2      		ldi r18,lo8(32)
 312 00a6 00C0      		rjmp .L33
 313               	.L32:
 314 00a8 20E0      		ldi r18,lo8(0)
 315               	.L33:
 316 00aa 90E0      		ldi r25,lo8(0)
 317 00ac 74E0      		ldi r23,4
 318 00ae 9695      	1:	lsr r25
 319 00b0 8795      		ror r24
 320 00b2 7A95      		dec r23
 321 00b4 01F4      		brne 1b
 322 00b6 8A25      		eor r24,r10
 323 00b8 9B25      		eor r25,r11
 324 00ba 982F      		mov r25,r24
 325               	.LVL10:
 326 00bc 9170      		andi r25,lo8(1)
 327 00be 962B      		or r25,r22
 328 00c0 952B      		or r25,r21
 329 00c2 942B      		or r25,r20
 330 00c4 932B      		or r25,r19
 331 00c6 922B      		or r25,r18
 332               	.LBE64:
 333               	.LBE68:
 334               	.LSM38:
 335 00c8 8881      		ld r24,Y
 336 00ca 8917      		cp r24,r25
 337 00cc 01F0      		breq .L34
 338               	.LSM39:
 339 00ce 9883      		st Y,r25
 340 00d0 05E0      		ldi r16,lo8(5)
 341               	.L34:
 342               	.LSM40:
 343 00d2 0E94 0000 		call unselect_rows
 344               	.LVL11:
 345               	.LBE54:
 346               	.LSM41:
 347 00d6 1F5F      		subi r17,lo8(-(1))
 348 00d8 2196      		adiw r28,1
 349 00da 1430      		cpi r17,lo8(4)
 350 00dc 01F0      		breq .+2
 351 00de 00C0      		rjmp .L35
 352 00e0 0093 0000 		sts debouncing,r16
 353               	.LBE53:
 354               	.LSM42:
 355 00e4 0023      		tst r16
 356 00e6 01F0      		breq .L36
 357               	.LSM43:
 358 00e8 802F      		mov r24,r16
 359 00ea 8150      		subi r24,lo8(-(-1))
 360 00ec 8093 0000 		sts debouncing,r24
 361 00f0 8823      		tst r24
 362 00f2 01F0      		breq .L37
 363               	.LBB69:
 364               	.LBB70:
 365               	.LBB71:
 366               	.LBB72:
 367               	.LSM44:
 368 00f4 80EA      		ldi r24,lo8(4000)
 369 00f6 9FE0      		ldi r25,hi8(4000)
 370               	.LVL12:
 371               	/* #APP */
 372               	 ;  105 "d:/programs/winavr/lib/gcc/../../avr/include/util/delay_basic.h" 1
 373 00f8 0197      		1: sbiw r24,1
 374 00fa 01F4      		brne 1b
 375               	 ;  0 "" 2
 376               	/* #NOAPP */
 377 00fc 00C0      		rjmp .L36
 378               	.LVL13:
 379               	.L37:
 380 00fe F701      		movw r30,r14
 381 0100 E050      		subi r30,lo8(-(matrix))
 382 0102 F040      		sbci r31,hi8(-(matrix))
 383 0104 90E0      		ldi r25,lo8(0)
 384               	.LVL14:
 385               	.L38:
 386               	.LBE72:
 387               	.LBE71:
 388               	.LBE70:
 389               	.LBE69:
 390               	.LBB73:
 391               	.LSM45:
 392 0106 D601      		movw r26,r12
 393 0108 8D91      		ld r24,X+
 394 010a 6D01      		movw r12,r26
 395 010c 8193      		st Z+,r24
 396               	.LSM46:
 397 010e 9F5F      		subi r25,lo8(-(1))
 398 0110 9430      		cpi r25,lo8(4)
 399 0112 01F4      		brne .L38
 400               	.LVL15:
 401               	.L36:
 402               	.LBE73:
 403               	.LSM47:
 404 0114 81E0      		ldi r24,lo8(1)
 405               	.LVL16:
 406               	/* epilogue start */
 407 0116 DF91      		pop r29
 408 0118 CF91      		pop r28
 409 011a 1F91      		pop r17
 410               	.LVL17:
 411 011c 0F91      		pop r16
 412 011e FF90      		pop r15
 413 0120 EF90      		pop r14
 414               	.LVL18:
 415 0122 DF90      		pop r13
 416 0124 CF90      		pop r12
 417 0126 BF90      		pop r11
 418 0128 AF90      		pop r10
 419 012a 9F90      		pop r9
 420 012c 0895      		ret
 421               	.LFE9:
 423               		.section	.text.matrix_slave_scan,"ax",@progbits
 424               	.global	matrix_slave_scan
 426               	matrix_slave_scan:
 427               	.LFB11:
 428               	.LSM48:
 429               	/* prologue: function */
 430               	/* frame size = 0 */
 431               	.LSM49:
 432 0000 0E94 0000 		call _matrix_scan
 433               	.LSM50:
 434 0004 8091 0000 		lds r24,isLeftHand
 435 0008 8823      		tst r24
 436 000a 01F4      		brne .L44
 437 000c 84E0      		ldi r24,lo8(4)
 438 000e 90E0      		ldi r25,hi8(4)
 439               	.LVL19:
 440 0010 00C0      		rjmp .L45
 441               	.LVL20:
 442               	.L44:
 443 0012 80E0      		ldi r24,lo8(0)
 444 0014 90E0      		ldi r25,hi8(0)
 445               	.LVL21:
 446               	.L45:
 447 0016 DC01      		movw r26,r24
 448 0018 A050      		subi r26,lo8(-(matrix))
 449 001a B040      		sbci r27,hi8(-(matrix))
 450 001c 20E0      		ldi r18,lo8(0)
 451 001e 30E0      		ldi r19,hi8(0)
 452               	.LVL22:
 453               	.L46:
 454               	.LBB74:
 455               	.LSM51:
 456 0020 8D91      		ld r24,X+
 457               	.LVL23:
 458 0022 F901      		movw r30,r18
 459 0024 E050      		subi r30,lo8(-(serial_slave_buffer))
 460 0026 F040      		sbci r31,hi8(-(serial_slave_buffer))
 461 0028 8083      		st Z,r24
 462               	.LSM52:
 463 002a 2F5F      		subi r18,lo8(-(1))
 464 002c 3F4F      		sbci r19,hi8(-(1))
 465 002e 2430      		cpi r18,4
 466 0030 3105      		cpc r19,__zero_reg__
 467 0032 01F4      		brne .L46
 468               	/* epilogue start */
 469               	.LBE74:
 470               	.LSM53:
 471 0034 0895      		ret
 472               	.LFE11:
 474               		.section	.text.matrix_key_count,"ax",@progbits
 475               	.global	matrix_key_count
 477               	matrix_key_count:
 478               	.LFB16:
 479               	.LSM54:
 480 0000 1F93      		push r17
 481 0002 CF93      		push r28
 482 0004 DF93      		push r29
 483               	/* prologue: function */
 484               	/* frame size = 0 */
 485               	.LSM55:
 486 0006 C0E0      		ldi r28,lo8(matrix)
 487 0008 D0E0      		ldi r29,hi8(matrix)
 488 000a 10E0      		ldi r17,lo8(0)
 489               	.LVL24:
 490               	.L50:
 491               	.LBB75:
 492               	.LSM56:
 493 000c 8991      		ld r24,Y+
 494 000e 90E0      		ldi r25,lo8(0)
 495 0010 0E94 0000 		call bitpop16
 496 0014 180F      		add r17,r24
 497               	.LSM57:
 498 0016 80E0      		ldi r24,hi8(matrix+8)
 499 0018 C030      		cpi r28,lo8(matrix+8)
 500 001a D807      		cpc r29,r24
 501 001c 01F4      		brne .L50
 502               	.LBE75:
 503               	.LSM58:
 504 001e 812F      		mov r24,r17
 505               	/* epilogue start */
 506 0020 DF91      		pop r29
 507 0022 CF91      		pop r28
 508 0024 1F91      		pop r17
 509               	.LVL25:
 510 0026 0895      		ret
 511               	.LFE16:
 513               		.section	.text.matrix_scan,"ax",@progbits
 514               	.global	matrix_scan
 516               	matrix_scan:
 517               	.LFB10:
 518               	.LSM59:
 519 0000 1F93      		push r17
 520 0002 CF93      		push r28
 521 0004 DF93      		push r29
 522               	/* prologue: function */
 523               	/* frame size = 0 */
 524               	.LSM60:
 525 0006 0E94 0000 		call _matrix_scan
 526 000a 182F      		mov r17,r24
 527               	.LSM61:
 528 000c 8091 0000 		lds r24,isLeftHand
 529 0010 8823      		tst r24
 530 0012 01F4      		brne .L54
 531 0014 C0E0      		ldi r28,lo8(0)
 532 0016 D0E0      		ldi r29,hi8(0)
 533               	.LVL26:
 534 0018 00C0      		rjmp .L55
 535               	.LVL27:
 536               	.L54:
 537 001a C4E0      		ldi r28,lo8(4)
 538 001c D0E0      		ldi r29,hi8(4)
 539               	.LVL28:
 540               	.L55:
 541               	.LSM62:
 542 001e 0E94 0000 		call serial_transaction
 543 0022 9E01      		movw r18,r28
 544 0024 2050      		subi r18,lo8(-(matrix))
 545 0026 3040      		sbci r19,hi8(-(matrix))
 546 0028 892B      		or r24,r25
 547 002a 01F0      		breq .L56
 548               	.LSM63:
 549 002c 5D98      		cbi 43-32,5
 550 002e F901      		movw r30,r18
 551 0030 80E0      		ldi r24,lo8(0)
 552 0032 90E0      		ldi r25,hi8(0)
 553               	.LVL29:
 554               	.L57:
 555               	.LBB76:
 556               	.LSM64:
 557 0034 1192      		st Z+,__zero_reg__
 558               	.LSM65:
 559 0036 0196      		adiw r24,1
 560 0038 8430      		cpi r24,4
 561 003a 9105      		cpc r25,__zero_reg__
 562 003c 01F4      		brne .L57
 563 003e 00C0      		rjmp .L58
 564               	.LVL30:
 565               	.L56:
 566               	.LBE76:
 567               	.LSM66:
 568 0040 5D9A      		sbi 43-32,5
 569 0042 D901      		movw r26,r18
 570 0044 20E0      		ldi r18,lo8(0)
 571 0046 30E0      		ldi r19,hi8(0)
 572               	.LVL31:
 573               	.L59:
 574               	.LBB77:
 575               	.LSM67:
 576 0048 F901      		movw r30,r18
 577 004a E050      		subi r30,lo8(-(serial_slave_buffer))
 578 004c F040      		sbci r31,hi8(-(serial_slave_buffer))
 579 004e 8081      		ld r24,Z
 580 0050 8D93      		st X+,r24
 581               	.LSM68:
 582 0052 2F5F      		subi r18,lo8(-(1))
 583 0054 3F4F      		sbci r19,hi8(-(1))
 584 0056 2430      		cpi r18,4
 585 0058 3105      		cpc r19,__zero_reg__
 586 005a 01F4      		brne .L59
 587               	.LVL32:
 588               	.L58:
 589               	.LBE77:
 590               	.LSM69:
 591 005c 812F      		mov r24,r17
 592               	.LVL33:
 593               	/* epilogue start */
 594 005e DF91      		pop r29
 595 0060 CF91      		pop r28
 596               	.LVL34:
 597 0062 1F91      		pop r17
 598 0064 0895      		ret
 599               	.LFE10:
 601               		.section	.text.matrix_init,"ax",@progbits
 602               	.global	matrix_init
 604               	matrix_init:
 605               	.LFB8:
 606               	.LSM70:
 607               	/* prologue: function */
 608               	/* frame size = 0 */
 609               	.LSM71:
 610 0000 8091 0000 		lds r24,debug_config
 611               	.LSM72:
 612 0004 8B60      		ori r24,lo8(11)
 613 0006 8093 0000 		sts debug_config,r24
 614               	.LSM73:
 615 000a 0E94 0000 		call unselect_rows
 616               	.LBB81:
 617               	.LBB82:
 618               	.LSM74:
 619 000e 84B1      		in r24,36-32
 620 0010 8178      		andi r24,lo8(-127)
 621 0012 84B9      		out 36-32,r24
 622               	.LSM75:
 623 0014 85B1      		in r24,37-32
 624 0016 8E67      		ori r24,lo8(126)
 625 0018 85B9      		out 37-32,r24
 626               	.LBE82:
 627               	.LBE81:
 628               	.LSM76:
 629 001a 0E94 0000 		call serial_master_init
 630               	.LSM77:
 631 001e 559A      		sbi 42-32,5
 632               	.LSM78:
 633 0020 5D9A      		sbi 43-32,5
 634 0022 80E0      		ldi r24,lo8(0)
 635 0024 90E0      		ldi r25,hi8(0)
 636               	.L64:
 637               	.LBB83:
 638               	.LSM79:
 639 0026 FC01      		movw r30,r24
 640 0028 E050      		subi r30,lo8(-(matrix))
 641 002a F040      		sbci r31,hi8(-(matrix))
 642 002c 1082      		st Z,__zero_reg__
 643               	.LSM80:
 644 002e FC01      		movw r30,r24
 645 0030 E050      		subi r30,lo8(-(matrix_debouncing))
 646 0032 F040      		sbci r31,hi8(-(matrix_debouncing))
 647 0034 1082      		st Z,__zero_reg__
 648 0036 0196      		adiw r24,1
 649               	.LSM81:
 650 0038 8830      		cpi r24,8
 651 003a 9105      		cpc r25,__zero_reg__
 652 003c 01F4      		brne .L64
 653               	/* epilogue start */
 654               	.LBE83:
 655               	.LSM82:
 656 003e 0895      		ret
 657               	.LFE8:
 659               		.section	.data.debouncing,"aw",@progbits
 662               	debouncing:
 663 0000 05        		.byte	5
 664               		.section	.bss.matrix,"aw",@nobits
 667               	matrix:
 668 0000 0000 0000 		.skip 8,0
 668      0000 0000 
 669               		.section	.bss.matrix_debouncing,"aw",@nobits
 672               	matrix_debouncing:
 673 0000 0000 0000 		.skip 8,0
 673      0000 0000 
 786               	.Letext0:
DEFINED SYMBOLS
                            *ABS*:00000000 matrix.c
C:\cygwin64\tmp/ccs2ltTn.s:2      *ABS*:0000003f __SREG__
C:\cygwin64\tmp/ccs2ltTn.s:3      *ABS*:0000003e __SP_H__
C:\cygwin64\tmp/ccs2ltTn.s:4      *ABS*:0000003d __SP_L__
C:\cygwin64\tmp/ccs2ltTn.s:5      *ABS*:00000034 __CCP__
C:\cygwin64\tmp/ccs2ltTn.s:6      *ABS*:00000000 __tmp_reg__
C:\cygwin64\tmp/ccs2ltTn.s:7      *ABS*:00000001 __zero_reg__
C:\cygwin64\tmp/ccs2ltTn.s:19     .text.matrix_rows:00000000 matrix_rows
C:\cygwin64\tmp/ccs2ltTn.s:33     .text.matrix_cols:00000000 matrix_cols
C:\cygwin64\tmp/ccs2ltTn.s:47     .text.matrix_is_modified:00000000 matrix_is_modified
C:\cygwin64\tmp/ccs2ltTn.s:662    .data.debouncing:00000000 debouncing
C:\cygwin64\tmp/ccs2ltTn.s:68     .text.matrix_is_on:00000000 matrix_is_on
C:\cygwin64\tmp/ccs2ltTn.s:667    .bss.matrix:00000000 matrix
C:\cygwin64\tmp/ccs2ltTn.s:96     .text.matrix_get_row:00000000 matrix_get_row
C:\cygwin64\tmp/ccs2ltTn.s:117    .text.matrix_print:00000000 matrix_print
C:\cygwin64\tmp/ccs2ltTn.s:129    .text.unselect_rows:00000000 unselect_rows
C:\cygwin64\tmp/ccs2ltTn.s:158    .text._matrix_scan:00000000 _matrix_scan
C:\cygwin64\tmp/ccs2ltTn.s:672    .bss.matrix_debouncing:00000000 matrix_debouncing
C:\cygwin64\tmp/ccs2ltTn.s:426    .text.matrix_slave_scan:00000000 matrix_slave_scan
C:\cygwin64\tmp/ccs2ltTn.s:477    .text.matrix_key_count:00000000 matrix_key_count
C:\cygwin64\tmp/ccs2ltTn.s:516    .text.matrix_scan:00000000 matrix_scan
C:\cygwin64\tmp/ccs2ltTn.s:604    .text.matrix_init:00000000 matrix_init

UNDEFINED SYMBOLS
isLeftHand
serial_slave_buffer
bitpop16
serial_transaction
debug_config
serial_master_init
__do_copy_data
__do_clear_bss
