   1               		.file	"c44-util.c"
   2               	__SREG__ = 0x3f
   3               	__SP_H__ = 0x3e
   4               	__SP_L__ = 0x3d
   5               	__CCP__  = 0x34
   6               	__tmp_reg__ = 0
   7               	__zero_reg__ = 1
  15               	.Ltext0:
  16               		.section	.text.has_usb,"ax",@progbits
  17               	.global	has_usb
  19               	has_usb:
  20               	.LFB101:
  21               	.LSM0:
  22               	/* prologue: function */
  23               	/* frame size = 0 */
  24               	.LSM1:
  25 0000 E8ED      		ldi r30,lo8(216)
  26 0002 F0E0      		ldi r31,hi8(216)
  27 0004 8081      		ld r24,Z
  28 0006 8061      		ori r24,lo8(16)
  29 0008 8083      		st Z,r24
  30               	.LBB31:
  31               	.LBB32:
  32               	.LBB33:
  33               	.LBB34:
  34               	.LSM2:
  35 000a 8AE1      		ldi r24,lo8(26)
  36               	.LVL0:
  37               	/* #APP */
  38               	 ;  83 "d:/programs/winavr/lib/gcc/../../avr/include/util/delay_basic.h" 1
  39 000c 8A95      		1: dec r24
  40 000e 01F4      		brne 1b
  41               	 ;  0 "" 2
  42               	/* #NOAPP */
  43               	.LBE34:
  44               	.LBE33:
  45               	.LBE32:
  46               	.LBE31:
  47               	.LSM3:
  48 0010 8091 D900 		lds r24,217
  49               	.LVL1:
  50               	.LSM4:
  51 0014 8170      		andi r24,lo8(1)
  52               	/* epilogue start */
  53 0016 0895      		ret
  54               	.LFE101:
  56               		.section	.text.setup_set_handedness,"ax",@progbits
  57               	.global	setup_set_handedness
  59               	setup_set_handedness:
  60               	.LFB103:
  61               	.LSM5:
  62               	/* prologue: function */
  63               	/* frame size = 0 */
  64               	.LSM6:
  65 0000 81E0      		ldi r24,lo8(1)
  66 0002 8093 0000 		sts isLeftHand,r24
  67               	/* epilogue start */
  68               	.LSM7:
  69 0006 0895      		ret
  70               	.LFE103:
  72               		.section	.text.setup_hardware,"ax",@progbits
  73               	.global	setup_hardware
  75               	setup_hardware:
  76               	.LFB102:
  77               	.LSM8:
  78               	/* prologue: function */
  79               	/* frame size = 0 */
  80               	.LSM9:
  81 0000 84B7      		in r24,84-32
  82 0002 877F      		andi r24,lo8(-9)
  83 0004 84BF      		out 84-32,r24
  84               	.LSM10:
  85 0006 88E1      		ldi r24,lo8(24)
  86               	/* #APP */
  87               	 ;  20 "c44-util.c" 1
  88 0008 0FB6      		in __tmp_reg__, __SREG__
  89 000a F894      		cli
  90 000c 8093 6000 		sts 96, r24
  91 0010 1092 6000 		sts 96, __zero_reg__
  92 0014 0FBE      		out __SREG__,__tmp_reg__
  93               		
  94               	 ;  0 "" 2
  95               	/* #NOAPP */
  96               	.LBB35:
  97               	.LSM11:
  98 0016 80E0      		ldi r24,lo8(0)
  99 0018 90E0      		ldi r25,hi8(0)
 100 001a 20E8      		ldi r18,lo8(-128)
 101               	/* #APP */
 102               	 ;  23 "c44-util.c" 1
 103 001c 0FB6      		in __tmp_reg__,__SREG__
 104 001e F894      		cli
 105 0020 2093 6100 		sts 97, r18
 106 0024 8093 6100 		sts 97, r24
 107 0028 0FBE      		out __SREG__, __tmp_reg__
 108               	 ;  0 "" 2
 109               	/* #NOAPP */
 110               	.LBE35:
 111               	.LSM12:
 112 002a 0E94 0000 		call USB_Disable
 113               	.LSM13:
 114 002e 0E94 0000 		call USB_Init
 115               	.LBB36:
 116               	.LBB37:
 117               	.LBB38:
 118               	.LBB39:
 119               	.LSM14:
 120 0032 E2EE      		ldi r30,lo8(226)
 121 0034 F0E0      		ldi r31,hi8(226)
 122 0036 8081      		ld r24,Z
 123 0038 8460      		ori r24,lo8(4)
 124 003a 8083      		st Z,r24
 125               	/* epilogue start */
 126               	.LBE39:
 127               	.LBE38:
 128               	.LBE37:
 129               	.LBE36:
 130               	.LSM15:
 131 003c 0895      		ret
 132               	.LFE102:
 134               	.global	isLeftHand
 135               		.section	.data.isLeftHand,"aw",@progbits
 138               	isLeftHand:
 139 0000 01        		.byte	1
 180               	.Letext0:
DEFINED SYMBOLS
                            *ABS*:00000000 c44-util.c
C:\cygwin64\tmp/ccuWYJIr.s:2      *ABS*:0000003f __SREG__
C:\cygwin64\tmp/ccuWYJIr.s:3      *ABS*:0000003e __SP_H__
C:\cygwin64\tmp/ccuWYJIr.s:4      *ABS*:0000003d __SP_L__
C:\cygwin64\tmp/ccuWYJIr.s:5      *ABS*:00000034 __CCP__
C:\cygwin64\tmp/ccuWYJIr.s:6      *ABS*:00000000 __tmp_reg__
C:\cygwin64\tmp/ccuWYJIr.s:7      *ABS*:00000001 __zero_reg__
C:\cygwin64\tmp/ccuWYJIr.s:19     .text.has_usb:00000000 has_usb
C:\cygwin64\tmp/ccuWYJIr.s:59     .text.setup_set_handedness:00000000 setup_set_handedness
C:\cygwin64\tmp/ccuWYJIr.s:138    .data.isLeftHand:00000000 isLeftHand
C:\cygwin64\tmp/ccuWYJIr.s:75     .text.setup_hardware:00000000 setup_hardware

UNDEFINED SYMBOLS
USB_Disable
USB_Init
__do_copy_data
