   1               		.file	"c44-util.c"
   2               	__SREG__ = 0x3f
   3               	__SP_H__ = 0x3e
   4               	__SP_L__ = 0x3d
   5               	__CCP__  = 0x34
   6               	__tmp_reg__ = 0
   7               	__zero_reg__ = 1
  15               	.Ltext0:
  16               		.section	.text.has_usb,"ax",@progbits
  17               	.global	has_usb
  19               	has_usb:
  20               	.LFB101:
  21               	.LSM0:
  22               	/* prologue: function */
  23               	/* frame size = 0 */
  24               	.LSM1:
  25 0000 E8ED      		ldi r30,lo8(216)
  26 0002 F0E0      		ldi r31,hi8(216)
  27 0004 8081      		ld r24,Z
  28 0006 8061      		ori r24,lo8(16)
  29 0008 8083      		st Z,r24
  30               	.LBB31:
  31               	.LBB32:
  32               	.LBB33:
  33               	.LBB34:
  34               	.LSM2:
  35 000a 8AE1      		ldi r24,lo8(26)
  36               	.LVL0:
  37               	/* #APP */
  38               	 ;  83 "d:/programs/winavr/lib/gcc/../../avr/include/util/delay_basic.h" 1
  39 000c 8A95      		1: dec r24
  40 000e 01F4      		brne 1b
  41               	 ;  0 "" 2
  42               	/* #NOAPP */
  43               	.LBE34:
  44               	.LBE33:
  45               	.LBE32:
  46               	.LBE31:
  47               	.LSM3:
  48 0010 8091 D900 		lds r24,217
  49               	.LVL1:
  50               	.LSM4:
  51 0014 8170      		andi r24,lo8(1)
  52               	/* epilogue start */
  53 0016 0895      		ret
  54               	.LFE101:
  56               		.section	.text.setup_set_handedness,"ax",@progbits
  57               	.global	setup_set_handedness
  59               	setup_set_handedness:
  60               	.LFB103:
  61               	.LSM5:
  62               	/* prologue: function */
  63               	/* frame size = 0 */
  64               	.LSM6:
  65 0000 1092 0000 		sts isLeftHand,__zero_reg__
  66               	/* epilogue start */
  67               	.LSM7:
  68 0004 0895      		ret
  69               	.LFE103:
  71               		.section	.text.setup_hardware,"ax",@progbits
  72               	.global	setup_hardware
  74               	setup_hardware:
  75               	.LFB102:
  76               	.LSM8:
  77               	/* prologue: function */
  78               	/* frame size = 0 */
  79               	.LSM9:
  80 0000 84B7      		in r24,84-32
  81 0002 877F      		andi r24,lo8(-9)
  82 0004 84BF      		out 84-32,r24
  83               	.LSM10:
  84 0006 88E1      		ldi r24,lo8(24)
  85               	/* #APP */
  86               	 ;  20 "c44-util.c" 1
  87 0008 0FB6      		in __tmp_reg__, __SREG__
  88 000a F894      		cli
  89 000c 8093 6000 		sts 96, r24
  90 0010 1092 6000 		sts 96, __zero_reg__
  91 0014 0FBE      		out __SREG__,__tmp_reg__
  92               		
  93               	 ;  0 "" 2
  94               	/* #NOAPP */
  95               	.LBB35:
  96               	.LSM11:
  97 0016 80E0      		ldi r24,lo8(0)
  98 0018 90E0      		ldi r25,hi8(0)
  99 001a 20E8      		ldi r18,lo8(-128)
 100               	/* #APP */
 101               	 ;  23 "c44-util.c" 1
 102 001c 0FB6      		in __tmp_reg__,__SREG__
 103 001e F894      		cli
 104 0020 2093 6100 		sts 97, r18
 105 0024 8093 6100 		sts 97, r24
 106 0028 0FBE      		out __SREG__, __tmp_reg__
 107               	 ;  0 "" 2
 108               	/* #NOAPP */
 109               	.LBE35:
 110               	.LSM12:
 111 002a 0E94 0000 		call USB_Disable
 112               	.LSM13:
 113 002e 0E94 0000 		call USB_Init
 114               	.LBB36:
 115               	.LBB37:
 116               	.LBB38:
 117               	.LBB39:
 118               	.LSM14:
 119 0032 E2EE      		ldi r30,lo8(226)
 120 0034 F0E0      		ldi r31,hi8(226)
 121 0036 8081      		ld r24,Z
 122 0038 8460      		ori r24,lo8(4)
 123 003a 8083      		st Z,r24
 124               	/* epilogue start */
 125               	.LBE39:
 126               	.LBE38:
 127               	.LBE37:
 128               	.LBE36:
 129               	.LSM15:
 130 003c 0895      		ret
 131               	.LFE102:
 133               	.global	isLeftHand
 134               		.section	.data.isLeftHand,"aw",@progbits
 137               	isLeftHand:
 138 0000 01        		.byte	1
 179               	.Letext0:
DEFINED SYMBOLS
                            *ABS*:00000000 c44-util.c
C:\cygwin64\tmp/cc7nXeHg.s:2      *ABS*:0000003f __SREG__
C:\cygwin64\tmp/cc7nXeHg.s:3      *ABS*:0000003e __SP_H__
C:\cygwin64\tmp/cc7nXeHg.s:4      *ABS*:0000003d __SP_L__
C:\cygwin64\tmp/cc7nXeHg.s:5      *ABS*:00000034 __CCP__
C:\cygwin64\tmp/cc7nXeHg.s:6      *ABS*:00000000 __tmp_reg__
C:\cygwin64\tmp/cc7nXeHg.s:7      *ABS*:00000001 __zero_reg__
C:\cygwin64\tmp/cc7nXeHg.s:19     .text.has_usb:00000000 has_usb
C:\cygwin64\tmp/cc7nXeHg.s:59     .text.setup_set_handedness:00000000 setup_set_handedness
C:\cygwin64\tmp/cc7nXeHg.s:137    .data.isLeftHand:00000000 isLeftHand
C:\cygwin64\tmp/cc7nXeHg.s:74     .text.setup_hardware:00000000 setup_hardware

UNDEFINED SYMBOLS
USB_Disable
USB_Init
__do_copy_data
