   1               		.file	"matrix.c"
   2               	__SREG__ = 0x3f
   3               	__SP_H__ = 0x3e
   4               	__SP_L__ = 0x3d
   5               	__CCP__  = 0x34
   6               	__tmp_reg__ = 0
   7               	__zero_reg__ = 1
  15               	.Ltext0:
  16               		.section	.text.matrix_rows,"ax",@progbits
  17               	.global	matrix_rows
  19               	matrix_rows:
  20               	.LFB6:
  21               	.LSM0:
  22               	/* prologue: function */
  23               	/* frame size = 0 */
  24               	.LSM1:
  25 0000 8EE0      		ldi r24,lo8(14)
  26               	/* epilogue start */
  27 0002 0895      		ret
  28               	.LFE6:
  30               		.section	.text.matrix_cols,"ax",@progbits
  31               	.global	matrix_cols
  33               	matrix_cols:
  34               	.LFB7:
  35               	.LSM2:
  36               	/* prologue: function */
  37               	/* frame size = 0 */
  38               	.LSM3:
  39 0000 86E0      		ldi r24,lo8(6)
  40               	/* epilogue start */
  41 0002 0895      		ret
  42               	.LFE7:
  44               		.section	.text.matrix_is_modified,"ax",@progbits
  45               	.global	matrix_is_modified
  47               	matrix_is_modified:
  48               	.LFB12:
  49               	.LSM4:
  50               	/* prologue: function */
  51               	/* frame size = 0 */
  52               	.LSM5:
  53 0000 90E0      		ldi r25,lo8(0)
  54 0002 8091 0000 		lds r24,debouncing
  55 0006 8823      		tst r24
  56 0008 01F4      		brne .L6
  57 000a 91E0      		ldi r25,lo8(1)
  58               	.L6:
  59               	.LSM6:
  60 000c 892F      		mov r24,r25
  61               	/* epilogue start */
  62 000e 0895      		ret
  63               	.LFE12:
  65               		.section	.text.matrix_is_on,"ax",@progbits
  66               	.global	matrix_is_on
  68               	matrix_is_on:
  69               	.LFB13:
  70               	.LSM7:
  71               	.LVL0:
  72               	/* prologue: function */
  73               	/* frame size = 0 */
  74               	.LSM8:
  75 0000 E0E0      		ldi r30,lo8(matrix)
  76 0002 F0E0      		ldi r31,hi8(matrix)
  77 0004 E80F      		add r30,r24
  78 0006 F11D      		adc r31,__zero_reg__
  79 0008 8081      		ld r24,Z
  80               	.LVL1:
  81 000a 90E0      		ldi r25,lo8(0)
  82 000c 00C0      		rjmp 2f
  83 000e 9595      	1:	asr r25
  84 0010 8795      		ror r24
  85 0012 6A95      	2:	dec r22
  86 0014 02F4      		brpl 1b
  87               	.LSM9:
  88 0016 8170      		andi r24,lo8(1)
  89               	/* epilogue start */
  90 0018 0895      		ret
  91               	.LFE13:
  93               		.section	.text.matrix_get_row,"ax",@progbits
  94               	.global	matrix_get_row
  96               	matrix_get_row:
  97               	.LFB14:
  98               	.LSM10:
  99               	.LVL2:
 100               	/* prologue: function */
 101               	/* frame size = 0 */
 102               	.LSM11:
 103 0000 E0E0      		ldi r30,lo8(matrix)
 104 0002 F0E0      		ldi r31,hi8(matrix)
 105 0004 E80F      		add r30,r24
 106 0006 F11D      		adc r31,__zero_reg__
 107               	.LSM12:
 108 0008 8081      		ld r24,Z
 109               	.LVL3:
 110               	/* epilogue start */
 111 000a 0895      		ret
 112               	.LFE14:
 114               		.section	.text.matrix_print,"ax",@progbits
 115               	.global	matrix_print
 117               	matrix_print:
 118               	.LFB15:
 119               	.LSM13:
 120               	/* prologue: function */
 121               	/* frame size = 0 */
 122               	/* epilogue start */
 123               	.LSM14:
 124 0000 0895      		ret
 125               	.LFE15:
 127               		.section	.text.unselect_rows,"ax",@progbits
 129               	unselect_rows:
 130               	.LFB19:
 131               	.LSM15:
 132               	/* prologue: function */
 133               	/* frame size = 0 */
 134               	.LSM16:
 135 0000 84B1      		in r24,36-32
 136 0002 887F      		andi r24,lo8(-8)
 137 0004 84B9      		out 36-32,r24
 138               	.LSM17:
 139 0006 85B1      		in r24,37-32
 140 0008 887F      		andi r24,lo8(-8)
 141 000a 85B9      		out 37-32,r24
 142               	.LSM18:
 143 000c 8AB1      		in r24,42-32
 144 000e 837F      		andi r24,lo8(-13)
 145 0010 8AB9      		out 42-32,r24
 146               	.LSM19:
 147 0012 8BB1      		in r24,43-32
 148 0014 837F      		andi r24,lo8(-13)
 149 0016 8BB9      		out 43-32,r24
 150               	.LSM20:
 151 0018 3E98      		cbi 39-32,6
 152               	.LSM21:
 153 001a 4698      		cbi 40-32,6
 154               	/* epilogue start */
 155               	.LSM22:
 156 001c 0895      		ret
 157               	.LFE19:
 159               		.section	.text._matrix_scan,"ax",@progbits
 160               	.global	_matrix_scan
 162               	_matrix_scan:
 163               	.LFB9:
 164               	.LSM23:
 165 0000 9F92      		push r9
 166 0002 AF92      		push r10
 167 0004 BF92      		push r11
 168 0006 CF92      		push r12
 169 0008 DF92      		push r13
 170 000a EF92      		push r14
 171 000c FF92      		push r15
 172 000e 0F93      		push r16
 173 0010 1F93      		push r17
 174 0012 CF93      		push r28
 175 0014 DF93      		push r29
 176               	/* prologue: function */
 177               	/* frame size = 0 */
 178               	.LSM24:
 179 0016 8091 0000 		lds r24,isLeftHand
 180 001a 8823      		tst r24
 181 001c 01F4      		brne .L17
 182 001e 37E0      		ldi r19,lo8(7)
 183 0020 E32E      		mov r14,r19
 184 0022 F12C      		mov r15,__zero_reg__
 185               	.LVL4:
 186 0024 00C0      		rjmp .L18
 187               	.LVL5:
 188               	.L17:
 189 0026 EE24      		clr r14
 190 0028 FF24      		clr r15
 191               	.LVL6:
 192               	.L18:
 193 002a 0091 0000 		lds r16,debouncing
 194 002e 20E0      		ldi r18,lo8(matrix_debouncing)
 195 0030 C22E      		mov r12,r18
 196 0032 20E0      		ldi r18,hi8(matrix_debouncing)
 197 0034 D22E      		mov r13,r18
 198 0036 CE0C      		add r12,r14
 199 0038 DF1C      		adc r13,r15
 200 003a E601      		movw r28,r12
 201 003c 10E0      		ldi r17,lo8(0)
 202               	.LVL7:
 203               	.LBB53:
 204               	.LBB54:
 205               	.LBB55:
 206               	.LBB56:
 207               	.LBB57:
 208               	.LBB58:
 209               	.LSM25:
 210 003e 90EA      		ldi r25,lo8(-96)
 211 0040 992E      		mov r9,r25
 212               	.LBE58:
 213               	.LBE57:
 214               	.LBE56:
 215               	.LBE55:
 216               	.LBB62:
 217               	.LBB63:
 218               	.LSM26:
 219 0042 81E0      		ldi r24,lo8(1)
 220 0044 A82E      		mov r10,r24
 221 0046 B12C      		mov r11,__zero_reg__
 222               	.L39:
 223               	.LBE63:
 224               	.LBE62:
 225               	.LBB65:
 226               	.LBB66:
 227               	.LSM27:
 228 0048 1330      		cpi r17,lo8(3)
 229 004a 01F0      		breq .L23
 230 004c 1430      		cpi r17,lo8(4)
 231 004e 00F4      		brsh .L27
 232 0050 1130      		cpi r17,lo8(1)
 233 0052 01F0      		breq .L21
 234 0054 1230      		cpi r17,lo8(2)
 235 0056 00F4      		brsh .L22
 236 0058 00C0      		rjmp .L47
 237               	.L27:
 238 005a 1530      		cpi r17,lo8(5)
 239 005c 01F0      		breq .L25
 240 005e 1530      		cpi r17,lo8(5)
 241 0060 00F0      		brlo .L24
 242 0062 1630      		cpi r17,lo8(6)
 243 0064 01F4      		brne .L19
 244 0066 00C0      		rjmp .L48
 245               	.L47:
 246               	.LSM28:
 247 0068 209A      		sbi 36-32,0
 248               	.LSM29:
 249 006a 2898      		cbi 37-32,0
 250 006c 00C0      		rjmp .L19
 251               	.L21:
 252               	.LSM30:
 253 006e 219A      		sbi 36-32,1
 254               	.LSM31:
 255 0070 2998      		cbi 37-32,1
 256 0072 00C0      		rjmp .L19
 257               	.L22:
 258               	.LSM32:
 259 0074 229A      		sbi 36-32,2
 260               	.LSM33:
 261 0076 2A98      		cbi 37-32,2
 262 0078 00C0      		rjmp .L19
 263               	.L23:
 264               	.LSM34:
 265 007a 239A      		sbi 36-32,3
 266               	.LSM35:
 267 007c 2B98      		cbi 37-32,3
 268 007e 00C0      		rjmp .L19
 269               	.L24:
 270               	.LSM36:
 271 0080 529A      		sbi 42-32,2
 272               	.LSM37:
 273 0082 5A98      		cbi 43-32,2
 274 0084 00C0      		rjmp .L19
 275               	.L25:
 276               	.LSM38:
 277 0086 539A      		sbi 42-32,3
 278               	.LSM39:
 279 0088 5B98      		cbi 43-32,3
 280 008a 00C0      		rjmp .L19
 281               	.L48:
 282               	.LSM40:
 283 008c 3E9A      		sbi 39-32,6
 284               	.LSM41:
 285 008e 4698      		cbi 40-32,6
 286               	.L19:
 287               	.LBE66:
 288               	.LBE65:
 289               	.LBB67:
 290               	.LBB61:
 291               	.LBB60:
 292               	.LBB59:
 293               	.LSM42:
 294 0090 892D      		mov r24,r9
 295               	.LVL8:
 296               	/* #APP */
 297               	 ;  83 "d:/programs/winavr/lib/gcc/../../avr/include/util/delay_basic.h" 1
 298 0092 8A95      		1: dec r24
 299 0094 01F4      		brne 1b
 300               	 ;  0 "" 2
 301               	/* #NOAPP */
 302               	.LBE59:
 303               	.LBE60:
 304               	.LBE61:
 305               	.LBE67:
 306               	.LBB68:
 307               	.LBB64:
 308               	.LSM43:
 309 0096 9FB1      		in r25,47-32
 310 0098 7999      		sbic 47-32,1
 311 009a 00C0      		rjmp .L28
 312 009c 52E0      		ldi r21,lo8(2)
 313 009e 00C0      		rjmp .L29
 314               	.L28:
 315 00a0 50E0      		ldi r21,lo8(0)
 316               	.L29:
 317 00a2 7C99      		sbic 47-32,4
 318 00a4 00C0      		rjmp .L30
 319 00a6 44E0      		ldi r20,lo8(4)
 320 00a8 00C0      		rjmp .L31
 321               	.L30:
 322 00aa 40E0      		ldi r20,lo8(0)
 323               	.L31:
 324 00ac 7D99      		sbic 47-32,5
 325 00ae 00C0      		rjmp .L32
 326 00b0 38E0      		ldi r19,lo8(8)
 327 00b2 00C0      		rjmp .L33
 328               	.L32:
 329 00b4 30E0      		ldi r19,lo8(0)
 330               	.L33:
 331 00b6 7E99      		sbic 47-32,6
 332 00b8 00C0      		rjmp .L34
 333 00ba 20E1      		ldi r18,lo8(16)
 334 00bc 00C0      		rjmp .L35
 335               	.L34:
 336 00be 20E0      		ldi r18,lo8(0)
 337               	.L35:
 338 00c0 8FB1      		in r24,47-32
 339               	.LVL9:
 340 00c2 8095      		com r24
 341 00c4 881F      		rol r24
 342 00c6 8827      		clr r24
 343 00c8 881F      		rol r24
 344 00ca 8295      		swap r24
 345 00cc 880F      		lsl r24
 346 00ce 807E      		andi r24,lo8(-32)
 347 00d0 9A25      		eor r25,r10
 348               	.LVL10:
 349 00d2 9170      		andi r25,lo8(1)
 350 00d4 952B      		or r25,r21
 351 00d6 942B      		or r25,r20
 352 00d8 932B      		or r25,r19
 353 00da 922B      		or r25,r18
 354 00dc 982B      		or r25,r24
 355               	.LBE64:
 356               	.LBE68:
 357               	.LSM44:
 358 00de 8881      		ld r24,Y
 359 00e0 8917      		cp r24,r25
 360 00e2 01F0      		breq .L38
 361               	.LSM45:
 362 00e4 9883      		st Y,r25
 363 00e6 05E0      		ldi r16,lo8(5)
 364               	.L38:
 365               	.LSM46:
 366 00e8 0E94 0000 		call unselect_rows
 367               	.LVL11:
 368               	.LBE54:
 369               	.LSM47:
 370 00ec 1F5F      		subi r17,lo8(-(1))
 371 00ee 2196      		adiw r28,1
 372 00f0 1730      		cpi r17,lo8(7)
 373 00f2 01F0      		breq .+2
 374 00f4 00C0      		rjmp .L39
 375 00f6 0093 0000 		sts debouncing,r16
 376               	.LBE53:
 377               	.LSM48:
 378 00fa 0023      		tst r16
 379 00fc 01F0      		breq .L40
 380               	.LSM49:
 381 00fe 802F      		mov r24,r16
 382 0100 8150      		subi r24,lo8(-(-1))
 383 0102 8093 0000 		sts debouncing,r24
 384 0106 8823      		tst r24
 385 0108 01F0      		breq .L41
 386               	.LBB69:
 387               	.LBB70:
 388               	.LBB71:
 389               	.LBB72:
 390               	.LSM50:
 391 010a 80EA      		ldi r24,lo8(4000)
 392 010c 9FE0      		ldi r25,hi8(4000)
 393               	.LVL12:
 394               	/* #APP */
 395               	 ;  105 "d:/programs/winavr/lib/gcc/../../avr/include/util/delay_basic.h" 1
 396 010e 0197      		1: sbiw r24,1
 397 0110 01F4      		brne 1b
 398               	 ;  0 "" 2
 399               	/* #NOAPP */
 400 0112 00C0      		rjmp .L40
 401               	.LVL13:
 402               	.L41:
 403 0114 F701      		movw r30,r14
 404 0116 E050      		subi r30,lo8(-(matrix))
 405 0118 F040      		sbci r31,hi8(-(matrix))
 406 011a 90E0      		ldi r25,lo8(0)
 407               	.LVL14:
 408               	.L42:
 409               	.LBE72:
 410               	.LBE71:
 411               	.LBE70:
 412               	.LBE69:
 413               	.LBB73:
 414               	.LSM51:
 415 011c D601      		movw r26,r12
 416 011e 8D91      		ld r24,X+
 417 0120 6D01      		movw r12,r26
 418 0122 8193      		st Z+,r24
 419               	.LSM52:
 420 0124 9F5F      		subi r25,lo8(-(1))
 421 0126 9730      		cpi r25,lo8(7)
 422 0128 01F4      		brne .L42
 423               	.LVL15:
 424               	.L40:
 425               	.LBE73:
 426               	.LSM53:
 427 012a 81E0      		ldi r24,lo8(1)
 428               	.LVL16:
 429               	/* epilogue start */
 430 012c DF91      		pop r29
 431 012e CF91      		pop r28
 432 0130 1F91      		pop r17
 433               	.LVL17:
 434 0132 0F91      		pop r16
 435 0134 FF90      		pop r15
 436 0136 EF90      		pop r14
 437               	.LVL18:
 438 0138 DF90      		pop r13
 439 013a CF90      		pop r12
 440 013c BF90      		pop r11
 441 013e AF90      		pop r10
 442 0140 9F90      		pop r9
 443 0142 0895      		ret
 444               	.LFE9:
 446               		.section	.text.matrix_slave_scan,"ax",@progbits
 447               	.global	matrix_slave_scan
 449               	matrix_slave_scan:
 450               	.LFB11:
 451               	.LSM54:
 452               	/* prologue: function */
 453               	/* frame size = 0 */
 454               	.LSM55:
 455 0000 0E94 0000 		call _matrix_scan
 456               	.LSM56:
 457 0004 8091 0000 		lds r24,isLeftHand
 458 0008 8823      		tst r24
 459 000a 01F4      		brne .L50
 460 000c 87E0      		ldi r24,lo8(7)
 461 000e 90E0      		ldi r25,hi8(7)
 462               	.LVL19:
 463 0010 00C0      		rjmp .L51
 464               	.LVL20:
 465               	.L50:
 466 0012 80E0      		ldi r24,lo8(0)
 467 0014 90E0      		ldi r25,hi8(0)
 468               	.LVL21:
 469               	.L51:
 470 0016 DC01      		movw r26,r24
 471 0018 A050      		subi r26,lo8(-(matrix))
 472 001a B040      		sbci r27,hi8(-(matrix))
 473 001c 20E0      		ldi r18,lo8(0)
 474 001e 30E0      		ldi r19,hi8(0)
 475               	.LVL22:
 476               	.L52:
 477               	.LBB74:
 478               	.LSM57:
 479 0020 8D91      		ld r24,X+
 480               	.LVL23:
 481 0022 F901      		movw r30,r18
 482 0024 E050      		subi r30,lo8(-(serial_slave_buffer))
 483 0026 F040      		sbci r31,hi8(-(serial_slave_buffer))
 484 0028 8083      		st Z,r24
 485               	.LSM58:
 486 002a 2F5F      		subi r18,lo8(-(1))
 487 002c 3F4F      		sbci r19,hi8(-(1))
 488 002e 2730      		cpi r18,7
 489 0030 3105      		cpc r19,__zero_reg__
 490 0032 01F4      		brne .L52
 491               	/* epilogue start */
 492               	.LBE74:
 493               	.LSM59:
 494 0034 0895      		ret
 495               	.LFE11:
 497               		.section	.text.matrix_key_count,"ax",@progbits
 498               	.global	matrix_key_count
 500               	matrix_key_count:
 501               	.LFB16:
 502               	.LSM60:
 503 0000 1F93      		push r17
 504 0002 CF93      		push r28
 505 0004 DF93      		push r29
 506               	/* prologue: function */
 507               	/* frame size = 0 */
 508               	.LSM61:
 509 0006 C0E0      		ldi r28,lo8(matrix)
 510 0008 D0E0      		ldi r29,hi8(matrix)
 511 000a 10E0      		ldi r17,lo8(0)
 512               	.LVL24:
 513               	.L56:
 514               	.LBB75:
 515               	.LSM62:
 516 000c 8991      		ld r24,Y+
 517 000e 90E0      		ldi r25,lo8(0)
 518 0010 0E94 0000 		call bitpop16
 519 0014 180F      		add r17,r24
 520               	.LSM63:
 521 0016 80E0      		ldi r24,hi8(matrix+14)
 522 0018 C030      		cpi r28,lo8(matrix+14)
 523 001a D807      		cpc r29,r24
 524 001c 01F4      		brne .L56
 525               	.LBE75:
 526               	.LSM64:
 527 001e 812F      		mov r24,r17
 528               	/* epilogue start */
 529 0020 DF91      		pop r29
 530 0022 CF91      		pop r28
 531 0024 1F91      		pop r17
 532               	.LVL25:
 533 0026 0895      		ret
 534               	.LFE16:
 536               		.section	.text.matrix_scan,"ax",@progbits
 537               	.global	matrix_scan
 539               	matrix_scan:
 540               	.LFB10:
 541               	.LSM65:
 542 0000 1F93      		push r17
 543 0002 CF93      		push r28
 544 0004 DF93      		push r29
 545               	/* prologue: function */
 546               	/* frame size = 0 */
 547               	.LSM66:
 548 0006 0E94 0000 		call _matrix_scan
 549 000a 182F      		mov r17,r24
 550               	.LSM67:
 551 000c 8091 0000 		lds r24,isLeftHand
 552 0010 8823      		tst r24
 553 0012 01F4      		brne .L60
 554 0014 C0E0      		ldi r28,lo8(0)
 555 0016 D0E0      		ldi r29,hi8(0)
 556               	.LVL26:
 557 0018 00C0      		rjmp .L61
 558               	.LVL27:
 559               	.L60:
 560 001a C7E0      		ldi r28,lo8(7)
 561 001c D0E0      		ldi r29,hi8(7)
 562               	.LVL28:
 563               	.L61:
 564               	.LSM68:
 565 001e 0E94 0000 		call serial_transaction
 566 0022 9E01      		movw r18,r28
 567 0024 2050      		subi r18,lo8(-(matrix))
 568 0026 3040      		sbci r19,hi8(-(matrix))
 569 0028 892B      		or r24,r25
 570 002a 01F0      		breq .L62
 571               	.LSM69:
 572 002c 5D98      		cbi 43-32,5
 573 002e F901      		movw r30,r18
 574 0030 80E0      		ldi r24,lo8(0)
 575 0032 90E0      		ldi r25,hi8(0)
 576               	.LVL29:
 577               	.L63:
 578               	.LBB76:
 579               	.LSM70:
 580 0034 1192      		st Z+,__zero_reg__
 581               	.LSM71:
 582 0036 0196      		adiw r24,1
 583 0038 8730      		cpi r24,7
 584 003a 9105      		cpc r25,__zero_reg__
 585 003c 01F4      		brne .L63
 586 003e 00C0      		rjmp .L64
 587               	.LVL30:
 588               	.L62:
 589               	.LBE76:
 590               	.LSM72:
 591 0040 5D9A      		sbi 43-32,5
 592 0042 D901      		movw r26,r18
 593 0044 20E0      		ldi r18,lo8(0)
 594 0046 30E0      		ldi r19,hi8(0)
 595               	.LVL31:
 596               	.L65:
 597               	.LBB77:
 598               	.LSM73:
 599 0048 F901      		movw r30,r18
 600 004a E050      		subi r30,lo8(-(serial_slave_buffer))
 601 004c F040      		sbci r31,hi8(-(serial_slave_buffer))
 602 004e 8081      		ld r24,Z
 603 0050 8D93      		st X+,r24
 604               	.LSM74:
 605 0052 2F5F      		subi r18,lo8(-(1))
 606 0054 3F4F      		sbci r19,hi8(-(1))
 607 0056 2730      		cpi r18,7
 608 0058 3105      		cpc r19,__zero_reg__
 609 005a 01F4      		brne .L65
 610               	.LVL32:
 611               	.L64:
 612               	.LBE77:
 613               	.LSM75:
 614 005c 812F      		mov r24,r17
 615               	.LVL33:
 616               	/* epilogue start */
 617 005e DF91      		pop r29
 618 0060 CF91      		pop r28
 619               	.LVL34:
 620 0062 1F91      		pop r17
 621 0064 0895      		ret
 622               	.LFE10:
 624               		.section	.text.matrix_init,"ax",@progbits
 625               	.global	matrix_init
 627               	matrix_init:
 628               	.LFB8:
 629               	.LSM76:
 630               	/* prologue: function */
 631               	/* frame size = 0 */
 632               	.LSM77:
 633 0000 8091 0000 		lds r24,debug_config
 634               	.LSM78:
 635 0004 8B60      		ori r24,lo8(11)
 636 0006 8093 0000 		sts debug_config,r24
 637               	.LSM79:
 638 000a 0E94 0000 		call unselect_rows
 639               	.LBB81:
 640               	.LBB82:
 641               	.LSM80:
 642 000e 80B3      		in r24,48-32
 643 0010 8C70      		andi r24,lo8(12)
 644 0012 80BB      		out 48-32,r24
 645               	.LSM81:
 646 0014 81B3      		in r24,49-32
 647 0016 836F      		ori r24,lo8(-13)
 648 0018 81BB      		out 49-32,r24
 649               	.LBE82:
 650               	.LBE81:
 651               	.LSM82:
 652 001a 0E94 0000 		call serial_master_init
 653               	.LSM83:
 654 001e 559A      		sbi 42-32,5
 655               	.LSM84:
 656 0020 5D9A      		sbi 43-32,5
 657 0022 80E0      		ldi r24,lo8(0)
 658 0024 90E0      		ldi r25,hi8(0)
 659               	.L70:
 660               	.LBB83:
 661               	.LSM85:
 662 0026 FC01      		movw r30,r24
 663 0028 E050      		subi r30,lo8(-(matrix))
 664 002a F040      		sbci r31,hi8(-(matrix))
 665 002c 1082      		st Z,__zero_reg__
 666               	.LSM86:
 667 002e FC01      		movw r30,r24
 668 0030 E050      		subi r30,lo8(-(matrix_debouncing))
 669 0032 F040      		sbci r31,hi8(-(matrix_debouncing))
 670 0034 1082      		st Z,__zero_reg__
 671 0036 0196      		adiw r24,1
 672               	.LSM87:
 673 0038 8E30      		cpi r24,14
 674 003a 9105      		cpc r25,__zero_reg__
 675 003c 01F4      		brne .L70
 676               	/* epilogue start */
 677               	.LBE83:
 678               	.LSM88:
 679 003e 0895      		ret
 680               	.LFE8:
 682               		.section	.data.debouncing,"aw",@progbits
 685               	debouncing:
 686 0000 05        		.byte	5
 687               		.section	.bss.matrix,"aw",@nobits
 690               	matrix:
 691 0000 0000 0000 		.skip 14,0
 691      0000 0000 
 691      0000 0000 
 691      0000 
 692               		.section	.bss.matrix_debouncing,"aw",@nobits
 695               	matrix_debouncing:
 696 0000 0000 0000 		.skip 14,0
 696      0000 0000 
 696      0000 0000 
 696      0000 
 809               	.Letext0:
DEFINED SYMBOLS
                            *ABS*:00000000 matrix.c
C:\cygwin64\tmp/cc3mlE5b.s:2      *ABS*:0000003f __SREG__
C:\cygwin64\tmp/cc3mlE5b.s:3      *ABS*:0000003e __SP_H__
C:\cygwin64\tmp/cc3mlE5b.s:4      *ABS*:0000003d __SP_L__
C:\cygwin64\tmp/cc3mlE5b.s:5      *ABS*:00000034 __CCP__
C:\cygwin64\tmp/cc3mlE5b.s:6      *ABS*:00000000 __tmp_reg__
C:\cygwin64\tmp/cc3mlE5b.s:7      *ABS*:00000001 __zero_reg__
C:\cygwin64\tmp/cc3mlE5b.s:19     .text.matrix_rows:00000000 matrix_rows
C:\cygwin64\tmp/cc3mlE5b.s:33     .text.matrix_cols:00000000 matrix_cols
C:\cygwin64\tmp/cc3mlE5b.s:47     .text.matrix_is_modified:00000000 matrix_is_modified
C:\cygwin64\tmp/cc3mlE5b.s:685    .data.debouncing:00000000 debouncing
C:\cygwin64\tmp/cc3mlE5b.s:68     .text.matrix_is_on:00000000 matrix_is_on
C:\cygwin64\tmp/cc3mlE5b.s:690    .bss.matrix:00000000 matrix
C:\cygwin64\tmp/cc3mlE5b.s:96     .text.matrix_get_row:00000000 matrix_get_row
C:\cygwin64\tmp/cc3mlE5b.s:117    .text.matrix_print:00000000 matrix_print
C:\cygwin64\tmp/cc3mlE5b.s:129    .text.unselect_rows:00000000 unselect_rows
C:\cygwin64\tmp/cc3mlE5b.s:162    .text._matrix_scan:00000000 _matrix_scan
C:\cygwin64\tmp/cc3mlE5b.s:695    .bss.matrix_debouncing:00000000 matrix_debouncing
C:\cygwin64\tmp/cc3mlE5b.s:449    .text.matrix_slave_scan:00000000 matrix_slave_scan
C:\cygwin64\tmp/cc3mlE5b.s:500    .text.matrix_key_count:00000000 matrix_key_count
C:\cygwin64\tmp/cc3mlE5b.s:539    .text.matrix_scan:00000000 matrix_scan
C:\cygwin64\tmp/cc3mlE5b.s:627    .text.matrix_init:00000000 matrix_init

UNDEFINED SYMBOLS
isLeftHand
serial_slave_buffer
bitpop16
serial_transaction
debug_config
serial_master_init
__do_copy_data
__do_clear_bss
